\BOOKMARK [1][-]{section.1}{\376\377\000I\000n\000t\000r\000o\000d\000u\000c\000t\000i\000o\000n}{}% 1
\BOOKMARK [2][-]{subsection.1.1}{\376\377\000D\000i\000s\000c\000l\000a\000i\000m\000e\000r}{section.1}% 2
\BOOKMARK [1][-]{section.2}{\376\377\000N\000o\000t\000a\000t\000i\000o\000n}{}% 3
\BOOKMARK [2][-]{subsection.2.1}{\376\377\000U\000n\000i\000c\000o\000d\000e\000\040\000p\000r\000o\000d\000u\000c\000t\000i\000o\000n\000s}{section.2}% 4
\BOOKMARK [2][-]{subsection.2.2}{\376\377\000S\000t\000r\000i\000n\000g\000\040\000t\000a\000b\000l\000e\000\040\000p\000r\000o\000d\000u\000c\000t\000i\000o\000n\000s}{section.2}% 5
\BOOKMARK [1][-]{section.3}{\376\377\000L\000e\000x\000i\000c\000a\000l\000\040\000s\000t\000r\000u\000c\000t\000u\000r\000e}{}% 6
\BOOKMARK [2][-]{subsection.3.1}{\376\377\000I\000n\000p\000u\000t\000\040\000f\000o\000r\000m\000a\000t}{section.3}% 7
\BOOKMARK [2][-]{subsection.3.2}{\376\377\000S\000p\000e\000c\000i\000a\000l\000\040\000U\000n\000i\000c\000o\000d\000e\000\040\000P\000r\000o\000d\000u\000c\000t\000i\000o\000n\000s}{section.3}% 8
\BOOKMARK [3][-]{subsubsection.3.2.1}{\376\377\000I\000d\000e\000n\000t\000i\000f\000i\000e\000r\000s}{subsection.3.2}% 9
\BOOKMARK [3][-]{subsubsection.3.2.2}{\376\377\000D\000e\000l\000i\000m\000i\000t\000e\000r\000-\000r\000e\000s\000t\000r\000i\000c\000t\000e\000d\000\040\000p\000r\000o\000d\000u\000c\000t\000i\000o\000n\000s}{subsection.3.2}% 10
\BOOKMARK [2][-]{subsection.3.3}{\376\377\000C\000o\000m\000m\000e\000n\000t\000s}{section.3}% 11
\BOOKMARK [2][-]{subsection.3.4}{\376\377\000W\000h\000i\000t\000e\000s\000p\000a\000c\000e}{section.3}% 12
\BOOKMARK [2][-]{subsection.3.5}{\376\377\000T\000o\000k\000e\000n\000s}{section.3}% 13
\BOOKMARK [3][-]{subsubsection.3.5.1}{\376\377\000K\000e\000y\000w\000o\000r\000d\000s}{subsection.3.5}% 14
\BOOKMARK [3][-]{subsubsection.3.5.2}{\376\377\000L\000i\000t\000e\000r\000a\000l\000s}{subsection.3.5}% 15
\BOOKMARK [3][-]{subsubsection.3.5.3}{\376\377\000S\000y\000m\000b\000o\000l\000s}{subsection.3.5}% 16
\BOOKMARK [2][-]{subsection.3.6}{\376\377\000P\000a\000t\000h\000s}{section.3}% 17
\BOOKMARK [1][-]{section.4}{\376\377\000S\000y\000n\000t\000a\000x\000\040\000e\000x\000t\000e\000n\000s\000i\000o\000n\000s}{}% 18
\BOOKMARK [2][-]{subsection.4.1}{\376\377\000M\000a\000c\000r\000o\000s}{section.4}% 19
\BOOKMARK [3][-]{subsubsection.4.1.1}{\376\377\000M\000a\000c\000r\000o\000\040\000B\000y\000\040\000E\000x\000a\000m\000p\000l\000e}{subsection.4.1}% 20
\BOOKMARK [3][-]{subsubsection.4.1.2}{\376\377\000P\000a\000r\000s\000i\000n\000g\000\040\000l\000i\000m\000i\000t\000a\000t\000i\000o\000n\000s}{subsection.4.1}% 21
\BOOKMARK [2][-]{subsection.4.2}{\376\377\000S\000y\000n\000t\000a\000x\000\040\000e\000x\000t\000e\000n\000s\000i\000o\000n\000s\000\040\000u\000s\000e\000f\000u\000l\000\040\000f\000o\000r\000\040\000t\000h\000e\000\040\000m\000a\000c\000r\000o\000\040\000a\000u\000t\000h\000o\000r}{section.4}% 22
\BOOKMARK [1][-]{section.5}{\376\377\000C\000r\000a\000t\000e\000s\000\040\000a\000n\000d\000\040\000s\000o\000u\000r\000c\000e\000\040\000f\000i\000l\000e\000s}{}% 23
\BOOKMARK [1][-]{section.6}{\376\377\000I\000t\000e\000m\000s\000\040\000a\000n\000d\000\040\000a\000t\000t\000r\000i\000b\000u\000t\000e\000s}{}% 24
\BOOKMARK [2][-]{subsection.6.1}{\376\377\000I\000t\000e\000m\000s}{section.6}% 25
\BOOKMARK [3][-]{subsubsection.6.1.1}{\376\377\000T\000y\000p\000e\000\040\000P\000a\000r\000a\000m\000e\000t\000e\000r\000s}{subsection.6.1}% 26
\BOOKMARK [3][-]{subsubsection.6.1.2}{\376\377\000M\000o\000d\000u\000l\000e\000s}{subsection.6.1}% 27
\BOOKMARK [3][-]{subsubsection.6.1.3}{\376\377\000F\000u\000n\000c\000t\000i\000o\000n\000s}{subsection.6.1}% 28
\BOOKMARK [3][-]{subsubsection.6.1.4}{\376\377\000T\000y\000p\000e\000\040\000d\000e\000f\000i\000n\000i\000t\000i\000o\000n\000s}{subsection.6.1}% 29
\BOOKMARK [3][-]{subsubsection.6.1.5}{\376\377\000S\000t\000r\000u\000c\000t\000u\000r\000e\000s}{subsection.6.1}% 30
\BOOKMARK [3][-]{subsubsection.6.1.6}{\376\377\000E\000n\000u\000m\000e\000r\000a\000t\000i\000o\000n\000s}{subsection.6.1}% 31
\BOOKMARK [3][-]{subsubsection.6.1.7}{\376\377\000S\000t\000a\000t\000i\000c\000\040\000i\000t\000e\000m\000s}{subsection.6.1}% 32
\BOOKMARK [3][-]{subsubsection.6.1.8}{\376\377\000T\000r\000a\000i\000t\000s}{subsection.6.1}% 33
\BOOKMARK [3][-]{subsubsection.6.1.9}{\376\377\000I\000m\000p\000l\000e\000m\000e\000n\000t\000a\000t\000i\000o\000n\000s}{subsection.6.1}% 34
\BOOKMARK [3][-]{subsubsection.6.1.10}{\376\377\000E\000x\000t\000e\000r\000n\000a\000l\000\040\000b\000l\000o\000c\000k\000s}{subsection.6.1}% 35
\BOOKMARK [2][-]{subsection.6.2}{\376\377\000V\000i\000s\000i\000b\000i\000l\000i\000t\000y\000\040\000a\000n\000d\000\040\000P\000r\000i\000v\000a\000c\000y}{section.6}% 36
\BOOKMARK [3][-]{subsubsection.6.2.1}{\376\377\000R\000e\000-\000e\000x\000p\000o\000r\000t\000i\000n\000g\000\040\000a\000n\000d\000\040\000V\000i\000s\000i\000b\000i\000l\000i\000t\000y}{subsection.6.2}% 37
\BOOKMARK [3][-]{subsubsection.6.2.2}{\376\377\000G\000l\000o\000b\000\040\000i\000m\000p\000o\000r\000t\000s\000\040\000a\000n\000d\000\040\000V\000i\000s\000i\000b\000i\000l\000i\000t\000y}{subsection.6.2}% 38
\BOOKMARK [2][-]{subsection.6.3}{\376\377\000A\000t\000t\000r\000i\000b\000u\000t\000e\000s}{section.6}% 39
\BOOKMARK [3][-]{subsubsection.6.3.1}{\376\377\000C\000r\000a\000t\000e\000-\000o\000n\000l\000y\000\040\000a\000t\000t\000r\000i\000b\000u\000t\000e\000s}{subsection.6.3}% 40
\BOOKMARK [3][-]{subsubsection.6.3.2}{\376\377\000M\000o\000d\000u\000l\000e\000-\000o\000n\000l\000y\000\040\000a\000t\000t\000r\000i\000b\000u\000t\000e\000s}{subsection.6.3}% 41
\BOOKMARK [3][-]{subsubsection.6.3.3}{\376\377\000F\000u\000n\000c\000t\000i\000o\000n\000-\000o\000n\000l\000y\000\040\000a\000t\000t\000r\000i\000b\000u\000t\000e\000s}{subsection.6.3}% 42
\BOOKMARK [3][-]{subsubsection.6.3.4}{\376\377\000S\000t\000a\000t\000i\000c\000-\000o\000n\000l\000y\000\040\000a\000t\000t\000r\000i\000b\000u\000t\000e\000s}{subsection.6.3}% 43
\BOOKMARK [3][-]{subsubsection.6.3.5}{\376\377\000F\000F\000I\000\040\000a\000t\000t\000r\000i\000b\000u\000t\000e\000s}{subsection.6.3}% 44
\BOOKMARK [3][-]{subsubsection.6.3.6}{\376\377\000M\000i\000s\000c\000e\000l\000l\000a\000n\000e\000o\000u\000s\000\040\000a\000t\000t\000r\000i\000b\000u\000t\000e\000s}{subsection.6.3}% 45
\BOOKMARK [3][-]{subsubsection.6.3.7}{\376\377\000C\000o\000n\000d\000i\000t\000i\000o\000n\000a\000l\000\040\000c\000o\000m\000p\000i\000l\000a\000t\000i\000o\000n}{subsection.6.3}% 46
\BOOKMARK [3][-]{subsubsection.6.3.8}{\376\377\000L\000i\000n\000t\000\040\000c\000h\000e\000c\000k\000\040\000a\000t\000t\000r\000i\000b\000u\000t\000e\000s}{subsection.6.3}% 47
\BOOKMARK [3][-]{subsubsection.6.3.9}{\376\377\000L\000a\000n\000g\000u\000a\000g\000e\000\040\000i\000t\000e\000m\000s}{subsection.6.3}% 48
\BOOKMARK [3][-]{subsubsection.6.3.10}{\376\377\000I\000n\000l\000i\000n\000e\000\040\000a\000t\000t\000r\000i\000b\000u\000t\000e\000s}{subsection.6.3}% 49
\BOOKMARK [3][-]{subsubsection.6.3.11}{\376\377\000D\000e\000r\000i\000v\000i\000n\000g}{subsection.6.3}% 50
\BOOKMARK [3][-]{subsubsection.6.3.12}{\376\377\000S\000t\000a\000b\000i\000l\000i\000t\000y}{subsection.6.3}% 51
\BOOKMARK [3][-]{subsubsection.6.3.13}{\376\377\000C\000o\000m\000p\000i\000l\000e\000r\000\040\000F\000e\000a\000t\000u\000r\000e\000s}{subsection.6.3}% 52
\BOOKMARK [1][-]{section.7}{\376\377\000S\000t\000a\000t\000e\000m\000e\000n\000t\000s\000\040\000a\000n\000d\000\040\000e\000x\000p\000r\000e\000s\000s\000i\000o\000n\000s}{}% 53
\BOOKMARK [2][-]{subsection.7.1}{\376\377\000S\000t\000a\000t\000e\000m\000e\000n\000t\000s}{section.7}% 54
\BOOKMARK [3][-]{subsubsection.7.1.1}{\376\377\000D\000e\000c\000l\000a\000r\000a\000t\000i\000o\000n\000\040\000s\000t\000a\000t\000e\000m\000e\000n\000t\000s}{subsection.7.1}% 55
\BOOKMARK [3][-]{subsubsection.7.1.2}{\376\377\000E\000x\000p\000r\000e\000s\000s\000i\000o\000n\000\040\000s\000t\000a\000t\000e\000m\000e\000n\000t\000s}{subsection.7.1}% 56
\BOOKMARK [2][-]{subsection.7.2}{\376\377\000E\000x\000p\000r\000e\000s\000s\000i\000o\000n\000s}{section.7}% 57
\BOOKMARK [3][-]{subsubsection.7.2.1}{\376\377\000L\000i\000t\000e\000r\000a\000l\000\040\000e\000x\000p\000r\000e\000s\000s\000i\000o\000n\000s}{subsection.7.2}% 58
\BOOKMARK [3][-]{subsubsection.7.2.2}{\376\377\000P\000a\000t\000h\000\040\000e\000x\000p\000r\000e\000s\000s\000i\000o\000n\000s}{subsection.7.2}% 59
\BOOKMARK [3][-]{subsubsection.7.2.3}{\376\377\000T\000u\000p\000l\000e\000\040\000e\000x\000p\000r\000e\000s\000s\000i\000o\000n\000s}{subsection.7.2}% 60
\BOOKMARK [3][-]{subsubsection.7.2.4}{\376\377\000S\000t\000r\000u\000c\000t\000u\000r\000e\000\040\000e\000x\000p\000r\000e\000s\000s\000i\000o\000n\000s}{subsection.7.2}% 61
\BOOKMARK [3][-]{subsubsection.7.2.5}{\376\377\000B\000l\000o\000c\000k\000\040\000e\000x\000p\000r\000e\000s\000s\000i\000o\000n\000s}{subsection.7.2}% 62
\BOOKMARK [3][-]{subsubsection.7.2.6}{\376\377\000M\000e\000t\000h\000o\000d\000-\000c\000a\000l\000l\000\040\000e\000x\000p\000r\000e\000s\000s\000i\000o\000n\000s}{subsection.7.2}% 63
\BOOKMARK [3][-]{subsubsection.7.2.7}{\376\377\000F\000i\000e\000l\000d\000\040\000e\000x\000p\000r\000e\000s\000s\000i\000o\000n\000s}{subsection.7.2}% 64
\BOOKMARK [3][-]{subsubsection.7.2.8}{\376\377\000V\000e\000c\000t\000o\000r\000\040\000e\000x\000p\000r\000e\000s\000s\000i\000o\000n\000s}{subsection.7.2}% 65
\BOOKMARK [3][-]{subsubsection.7.2.9}{\376\377\000I\000n\000d\000e\000x\000\040\000e\000x\000p\000r\000e\000s\000s\000i\000o\000n\000s}{subsection.7.2}% 66
\BOOKMARK [3][-]{subsubsection.7.2.10}{\376\377\000U\000n\000a\000r\000y\000\040\000o\000p\000e\000r\000a\000t\000o\000r\000\040\000e\000x\000p\000r\000e\000s\000s\000i\000o\000n\000s}{subsection.7.2}% 67
\BOOKMARK [3][-]{subsubsection.7.2.11}{\376\377\000B\000i\000n\000a\000r\000y\000\040\000o\000p\000e\000r\000a\000t\000o\000r\000\040\000e\000x\000p\000r\000e\000s\000s\000i\000o\000n\000s}{subsection.7.2}% 68
\BOOKMARK [3][-]{subsubsection.7.2.12}{\376\377\000G\000r\000o\000u\000p\000e\000d\000\040\000e\000x\000p\000r\000e\000s\000s\000i\000o\000n\000s}{subsection.7.2}% 69
\BOOKMARK [3][-]{subsubsection.7.2.13}{\376\377\000C\000a\000l\000l\000\040\000e\000x\000p\000r\000e\000s\000s\000i\000o\000n\000s}{subsection.7.2}% 70
\BOOKMARK [3][-]{subsubsection.7.2.14}{\376\377\000L\000a\000m\000b\000d\000a\000\040\000e\000x\000p\000r\000e\000s\000s\000i\000o\000n\000s}{subsection.7.2}% 71
\BOOKMARK [3][-]{subsubsection.7.2.15}{\376\377\000W\000h\000i\000l\000e\000\040\000l\000o\000o\000p\000s}{subsection.7.2}% 72
\BOOKMARK [3][-]{subsubsection.7.2.16}{\376\377\000I\000n\000f\000i\000n\000i\000t\000e\000\040\000l\000o\000o\000p\000s}{subsection.7.2}% 73
\BOOKMARK [3][-]{subsubsection.7.2.17}{\376\377\000B\000r\000e\000a\000k\000\040\000e\000x\000p\000r\000e\000s\000s\000i\000o\000n\000s}{subsection.7.2}% 74
\BOOKMARK [3][-]{subsubsection.7.2.18}{\376\377\000C\000o\000n\000t\000i\000n\000u\000e\000\040\000e\000x\000p\000r\000e\000s\000s\000i\000o\000n\000s}{subsection.7.2}% 75
\BOOKMARK [3][-]{subsubsection.7.2.19}{\376\377\000F\000o\000r\000\040\000e\000x\000p\000r\000e\000s\000s\000i\000o\000n\000s}{subsection.7.2}% 76
\BOOKMARK [3][-]{subsubsection.7.2.20}{\376\377\000I\000f\000\040\000e\000x\000p\000r\000e\000s\000s\000i\000o\000n\000s}{subsection.7.2}% 77
\BOOKMARK [3][-]{subsubsection.7.2.21}{\376\377\000M\000a\000t\000c\000h\000\040\000e\000x\000p\000r\000e\000s\000s\000i\000o\000n\000s}{subsection.7.2}% 78
\BOOKMARK [3][-]{subsubsection.7.2.22}{\376\377\000R\000e\000t\000u\000r\000n\000\040\000e\000x\000p\000r\000e\000s\000s\000i\000o\000n\000s}{subsection.7.2}% 79
\BOOKMARK [1][-]{section.8}{\376\377\000T\000y\000p\000e\000\040\000s\000y\000s\000t\000e\000m}{}% 80
\BOOKMARK [2][-]{subsection.8.1}{\376\377\000T\000y\000p\000e\000s}{section.8}% 81
\BOOKMARK [3][-]{subsubsection.8.1.1}{\376\377\000P\000r\000i\000m\000i\000t\000i\000v\000e\000\040\000t\000y\000p\000e\000s}{subsection.8.1}% 82
\BOOKMARK [3][-]{subsubsection.8.1.2}{\376\377\000T\000e\000x\000t\000u\000a\000l\000\040\000t\000y\000p\000e\000s}{subsection.8.1}% 83
\BOOKMARK [3][-]{subsubsection.8.1.3}{\376\377\000T\000u\000p\000l\000e\000\040\000t\000y\000p\000e\000s}{subsection.8.1}% 84
\BOOKMARK [3][-]{subsubsection.8.1.4}{\376\377\000V\000e\000c\000t\000o\000r\000\040\000t\000y\000p\000e\000s}{subsection.8.1}% 85
\BOOKMARK [3][-]{subsubsection.8.1.5}{\376\377\000S\000t\000r\000u\000c\000t\000u\000r\000e\000\040\000t\000y\000p\000e\000s}{subsection.8.1}% 86
\BOOKMARK [3][-]{subsubsection.8.1.6}{\376\377\000E\000n\000u\000m\000e\000r\000a\000t\000e\000d\000\040\000t\000y\000p\000e\000s}{subsection.8.1}% 87
\BOOKMARK [3][-]{subsubsection.8.1.7}{\376\377\000R\000e\000c\000u\000r\000s\000i\000v\000e\000\040\000t\000y\000p\000e\000s}{subsection.8.1}% 88
\BOOKMARK [3][-]{subsubsection.8.1.8}{\376\377\000P\000o\000i\000n\000t\000e\000r\000\040\000t\000y\000p\000e\000s}{subsection.8.1}% 89
\BOOKMARK [3][-]{subsubsection.8.1.9}{\376\377\000F\000u\000n\000c\000t\000i\000o\000n\000\040\000t\000y\000p\000e\000s}{subsection.8.1}% 90
\BOOKMARK [3][-]{subsubsection.8.1.10}{\376\377\000C\000l\000o\000s\000u\000r\000e\000\040\000t\000y\000p\000e\000s}{subsection.8.1}% 91
\BOOKMARK [3][-]{subsubsection.8.1.11}{\376\377\000O\000b\000j\000e\000c\000t\000\040\000t\000y\000p\000e\000s}{subsection.8.1}% 92
\BOOKMARK [3][-]{subsubsection.8.1.12}{\376\377\000T\000y\000p\000e\000\040\000p\000a\000r\000a\000m\000e\000t\000e\000r\000s}{subsection.8.1}% 93
\BOOKMARK [3][-]{subsubsection.8.1.13}{\376\377\000S\000e\000l\000f\000\040\000t\000y\000p\000e\000s}{subsection.8.1}% 94
\BOOKMARK [2][-]{subsection.8.2}{\376\377\000T\000y\000p\000e\000\040\000k\000i\000n\000d\000s}{section.8}% 95
\BOOKMARK [1][-]{section.9}{\376\377\000M\000e\000m\000o\000r\000y\000\040\000a\000n\000d\000\040\000c\000o\000n\000c\000u\000r\000r\000e\000n\000c\000y\000\040\000m\000o\000d\000e\000l\000s}{}% 96
\BOOKMARK [2][-]{subsection.9.1}{\376\377\000M\000e\000m\000o\000r\000y\000\040\000m\000o\000d\000e\000l}{section.9}% 97
\BOOKMARK [3][-]{subsubsection.9.1.1}{\376\377\000M\000e\000m\000o\000r\000y\000\040\000a\000l\000l\000o\000c\000a\000t\000i\000o\000n\000\040\000a\000n\000d\000\040\000l\000i\000f\000e\000t\000i\000m\000e}{subsection.9.1}% 98
\BOOKMARK [3][-]{subsubsection.9.1.2}{\376\377\000M\000e\000m\000o\000r\000y\000\040\000o\000w\000n\000e\000r\000s\000h\000i\000p}{subsection.9.1}% 99
\BOOKMARK [3][-]{subsubsection.9.1.3}{\376\377\000M\000e\000m\000o\000r\000y\000\040\000s\000l\000o\000t\000s}{subsection.9.1}% 100
\BOOKMARK [3][-]{subsubsection.9.1.4}{\376\377\000O\000w\000n\000e\000d\000\040\000b\000o\000x\000e\000s}{subsection.9.1}% 101
\BOOKMARK [2][-]{subsection.9.2}{\376\377\000T\000a\000s\000k\000s}{section.9}% 102
\BOOKMARK [3][-]{subsubsection.9.2.1}{\376\377\000C\000o\000m\000m\000u\000n\000i\000c\000a\000t\000i\000o\000n\000\040\000b\000e\000t\000w\000e\000e\000n\000\040\000t\000a\000s\000k\000s}{subsection.9.2}% 103
\BOOKMARK [3][-]{subsubsection.9.2.2}{\376\377\000T\000a\000s\000k\000\040\000l\000i\000f\000e\000c\000y\000c\000l\000e}{subsection.9.2}% 104
\BOOKMARK [3][-]{subsubsection.9.2.3}{\376\377\000T\000a\000s\000k\000\040\000s\000c\000h\000e\000d\000u\000l\000i\000n\000g}{subsection.9.2}% 105
\BOOKMARK [1][-]{section.10}{\376\377\000R\000u\000n\000t\000i\000m\000e\000\040\000s\000e\000r\000v\000i\000c\000e\000s\000,\000\040\000l\000i\000n\000k\000a\000g\000e\000\040\000a\000n\000d\000\040\000d\000e\000b\000u\000g\000g\000i\000n\000g}{}% 106
\BOOKMARK [2][-]{subsubsection.10.0.4}{\376\377\000M\000e\000m\000o\000r\000y\000\040\000a\000l\000l\000o\000c\000a\000t\000i\000o\000n}{section.10}% 107
\BOOKMARK [3][-]{subsubsection.10.0.5}{\376\377\000B\000u\000i\000l\000t\000\040\000i\000n\000\040\000t\000y\000p\000e\000s}{subsubsection.10.0.4}% 108
\BOOKMARK [3][-]{subsubsection.10.0.6}{\376\377\000T\000a\000s\000k\000\040\000s\000c\000h\000e\000d\000u\000l\000i\000n\000g\000\040\000a\000n\000d\000\040\000c\000o\000m\000m\000u\000n\000i\000c\000a\000t\000i\000o\000n}{subsubsection.10.0.4}% 109
\BOOKMARK [3][-]{subsubsection.10.0.7}{\376\377\000L\000i\000n\000k\000a\000g\000e}{subsubsection.10.0.4}% 110
\BOOKMARK [3][-]{subsubsection.10.0.8}{\376\377\000L\000o\000g\000g\000i\000n\000g\000\040\000s\000y\000s\000t\000e\000m}{subsubsection.10.0.4}% 111
\BOOKMARK [1][-]{section.11}{\376\377\000A\000p\000p\000e\000n\000d\000i\000x\000:\000\040\000R\000a\000t\000i\000o\000n\000a\000l\000e\000s\000\040\000a\000n\000d\000\040\000d\000e\000s\000i\000g\000n\000\040\000t\000r\000a\000d\000e\000o\000f\000f\000s}{}% 112
\BOOKMARK [1][-]{section.12}{\376\377\000A\000p\000p\000e\000n\000d\000i\000x\000:\000\040\000I\000n\000f\000l\000u\000e\000n\000c\000e\000s\000\040\000a\000n\000d\000\040\000f\000u\000r\000t\000h\000e\000r\000\040\000r\000e\000f\000e\000r\000e\000n\000c\000e\000s}{}% 113
\BOOKMARK [2][-]{subsection.12.1}{\376\377\000I\000n\000f\000l\000u\000e\000n\000c\000e\000s}{section.12}% 114
