\BOOKMARK [1][-]{section.1}{\376\377\000I\000n\000t\000r\000o\000d\000u\000c\000t\000i\000o\000n}{}% 1
\BOOKMARK [2][-]{subsection.1.1}{\376\377\000S\000c\000o\000p\000e}{section.1}% 2
\BOOKMARK [2][-]{subsection.1.2}{\376\377\000C\000o\000n\000v\000e\000n\000t\000i\000o\000n\000s}{section.1}% 3
\BOOKMARK [1][-]{section.2}{\376\377\000G\000e\000t\000t\000i\000n\000g\000\040\000s\000t\000a\000r\000t\000e\000d}{}% 4
\BOOKMARK [2][-]{subsection.2.1}{\376\377\000C\000o\000m\000p\000i\000l\000i\000n\000g\000\040\000y\000o\000u\000r\000\040\000f\000i\000r\000s\000t\000\040\000p\000r\000o\000g\000r\000a\000m}{section.2}% 5
\BOOKMARK [2][-]{subsection.2.2}{\376\377\000E\000d\000i\000t\000i\000n\000g\000\040\000R\000u\000s\000t\000\040\000c\000o\000d\000e}{section.2}% 6
\BOOKMARK [1][-]{section.3}{\376\377\000S\000y\000n\000t\000a\000x\000\040\000b\000a\000s\000i\000c\000s}{}% 7
\BOOKMARK [2][-]{subsection.3.1}{\376\377\000E\000x\000p\000r\000e\000s\000s\000i\000o\000n\000s\000\040\000a\000n\000d\000\040\000s\000e\000m\000i\000c\000o\000l\000o\000n\000s}{section.3}% 8
\BOOKMARK [2][-]{subsection.3.2}{\376\377\000P\000r\000i\000m\000i\000t\000i\000v\000e\000\040\000t\000y\000p\000e\000s\000\040\000a\000n\000d\000\040\000l\000i\000t\000e\000r\000a\000l\000s}{section.3}% 9
\BOOKMARK [2][-]{subsection.3.3}{\376\377\000O\000p\000e\000r\000a\000t\000o\000r\000s}{section.3}% 10
\BOOKMARK [2][-]{subsection.3.4}{\376\377\000S\000y\000n\000t\000a\000x\000\040\000e\000x\000t\000e\000n\000s\000i\000o\000n\000s}{section.3}% 11
\BOOKMARK [1][-]{section.4}{\376\377\000C\000o\000n\000t\000r\000o\000l\000\040\000s\000t\000r\000u\000c\000t\000u\000r\000e\000s}{}% 12
\BOOKMARK [2][-]{subsection.4.1}{\376\377\000C\000o\000n\000d\000i\000t\000i\000o\000n\000a\000l\000s}{section.4}% 13
\BOOKMARK [2][-]{subsection.4.2}{\376\377\000P\000a\000t\000t\000e\000r\000n\000\040\000m\000a\000t\000c\000h\000i\000n\000g}{section.4}% 14
\BOOKMARK [2][-]{subsection.4.3}{\376\377\000L\000o\000o\000p\000s}{section.4}% 15
\BOOKMARK [1][-]{section.5}{\376\377\000D\000a\000t\000a\000\040\000s\000t\000r\000u\000c\000t\000u\000r\000e\000s}{}% 16
\BOOKMARK [2][-]{subsection.5.1}{\376\377\000S\000t\000r\000u\000c\000t\000s}{section.5}% 17
\BOOKMARK [2][-]{subsection.5.2}{\376\377\000E\000n\000u\000m\000s}{section.5}% 18
\BOOKMARK [2][-]{subsection.5.3}{\376\377\000T\000u\000p\000l\000e\000s}{section.5}% 19
\BOOKMARK [2][-]{subsection.5.4}{\376\377\000T\000u\000p\000l\000e\000\040\000s\000t\000r\000u\000c\000t\000s}{section.5}% 20
\BOOKMARK [1][-]{section.6}{\376\377\000F\000u\000n\000c\000t\000i\000o\000n\000s}{}% 21
\BOOKMARK [1][-]{section.7}{\376\377\000D\000e\000s\000t\000r\000u\000c\000t\000o\000r\000s}{}% 22
\BOOKMARK [1][-]{section.8}{\376\377\000O\000w\000n\000e\000r\000s\000h\000i\000p}{}% 23
\BOOKMARK [1][-]{section.9}{\376\377\000I\000m\000p\000l\000e\000m\000e\000n\000t\000i\000n\000g\000\040\000a\000\040\000l\000i\000n\000k\000e\000d\000\040\000l\000i\000s\000t}{}% 24
\BOOKMARK [2][-]{subsection.9.1}{\376\377\000B\000o\000x\000e\000s}{section.9}% 25
\BOOKMARK [2][-]{subsection.9.2}{\376\377\000M\000o\000v\000e\000\040\000s\000e\000m\000a\000n\000t\000i\000c\000s}{section.9}% 26
\BOOKMARK [2][-]{subsection.9.3}{\376\377\000R\000e\000f\000e\000r\000e\000n\000c\000e\000s}{section.9}% 27
\BOOKMARK [2][-]{subsection.9.4}{\376\377\000L\000i\000s\000t\000s\000\040\000o\000f\000\040\000o\000t\000h\000e\000r\000\040\000t\000y\000p\000e\000s}{section.9}% 28
\BOOKMARK [2][-]{subsection.9.5}{\376\377\000D\000e\000f\000i\000n\000i\000n\000g\000\040\000l\000i\000s\000t\000\040\000e\000q\000u\000a\000l\000i\000t\000y\000\040\000w\000i\000t\000h\000\040\000g\000e\000n\000e\000r\000i\000c\000s}{section.9}% 29
\BOOKMARK [1][-]{section.10}{\376\377\000M\000o\000r\000e\000\040\000o\000n\000\040\000b\000o\000x\000e\000s}{}% 30
\BOOKMARK [1][-]{section.11}{\376\377\000R\000e\000f\000e\000r\000e\000n\000c\000e\000s}{}% 31
\BOOKMARK [2][-]{subsection.11.1}{\376\377\000F\000r\000e\000e\000z\000i\000n\000g}{section.11}% 32
\BOOKMARK [1][-]{section.12}{\376\377\000D\000e\000r\000e\000f\000e\000r\000e\000n\000c\000i\000n\000g\000\040\000p\000o\000i\000n\000t\000e\000r\000s}{}% 33
\BOOKMARK [1][-]{section.13}{\376\377\000V\000e\000c\000t\000o\000r\000s\000\040\000a\000n\000d\000\040\000s\000t\000r\000i\000n\000g\000s}{}% 34
\BOOKMARK [1][-]{section.14}{\376\377\000O\000w\000n\000e\000r\000s\000h\000i\000p\000\040\000e\000s\000c\000a\000p\000e\000\040\000h\000a\000t\000c\000h\000e\000s}{}% 35
\BOOKMARK [1][-]{section.15}{\376\377\000C\000l\000o\000s\000u\000r\000e\000s}{}% 36
\BOOKMARK [2][-]{subsection.15.1}{\376\377\000O\000w\000n\000e\000d\000\040\000c\000l\000o\000s\000u\000r\000e\000s}{section.15}% 37
\BOOKMARK [2][-]{subsection.15.2}{\376\377\000C\000l\000o\000s\000u\000r\000e\000\040\000c\000o\000m\000p\000a\000t\000i\000b\000i\000l\000i\000t\000y}{section.15}% 38
\BOOKMARK [1][-]{section.16}{\376\377\000M\000e\000t\000h\000o\000d\000s}{}% 39
\BOOKMARK [1][-]{section.17}{\376\377\000G\000e\000n\000e\000r\000i\000c\000s}{}% 40
\BOOKMARK [2][-]{subsection.17.1}{\376\377\000T\000r\000a\000i\000t\000s}{section.17}% 41
\BOOKMARK [2][-]{subsection.17.2}{\376\377\000D\000e\000c\000l\000a\000r\000i\000n\000g\000\040\000a\000n\000d\000\040\000i\000m\000p\000l\000e\000m\000e\000n\000t\000i\000n\000g\000\040\000t\000r\000a\000i\000t\000s}{section.17}% 42
\BOOKMARK [2][-]{subsection.17.3}{\376\377\000D\000e\000f\000a\000u\000l\000t\000\040\000m\000e\000t\000h\000o\000d\000\040\000i\000m\000p\000l\000e\000m\000e\000n\000t\000a\000t\000i\000o\000n\000s\000\040\000i\000n\000\040\000t\000r\000a\000i\000t\000\040\000d\000e\000f\000i\000n\000i\000t\000i\000o\000n\000s}{section.17}% 43
\BOOKMARK [2][-]{subsection.17.4}{\376\377\000T\000y\000p\000e\000-\000p\000a\000r\000a\000m\000e\000t\000e\000r\000i\000z\000e\000d\000\040\000t\000r\000a\000i\000t\000s}{section.17}% 44
\BOOKMARK [2][-]{subsection.17.5}{\376\377\000B\000o\000u\000n\000d\000e\000d\000\040\000t\000y\000p\000e\000\040\000p\000a\000r\000a\000m\000e\000t\000e\000r\000s\000\040\000a\000n\000d\000\040\000s\000t\000a\000t\000i\000c\000\040\000m\000e\000t\000h\000o\000d\000\040\000d\000i\000s\000p\000a\000t\000c\000h}{section.17}% 45
\BOOKMARK [2][-]{subsection.17.6}{\376\377\000T\000r\000a\000i\000t\000\040\000o\000b\000j\000e\000c\000t\000s\000\040\000a\000n\000d\000\040\000d\000y\000n\000a\000m\000i\000c\000\040\000m\000e\000t\000h\000o\000d\000\040\000d\000i\000s\000p\000a\000t\000c\000h}{section.17}% 46
\BOOKMARK [2][-]{subsection.17.7}{\376\377\000T\000r\000a\000i\000t\000\040\000i\000n\000h\000e\000r\000i\000t\000a\000n\000c\000e}{section.17}% 47
\BOOKMARK [2][-]{subsection.17.8}{\376\377\000D\000e\000r\000i\000v\000i\000n\000g\000\040\000i\000m\000p\000l\000e\000m\000e\000n\000t\000a\000t\000i\000o\000n\000s\000\040\000f\000o\000r\000\040\000t\000r\000a\000i\000t\000s}{section.17}% 48
\BOOKMARK [1][-]{section.18}{\376\377\000C\000r\000a\000t\000e\000s\000\040\000a\000n\000d\000\040\000t\000h\000e\000\040\000m\000o\000d\000u\000l\000e\000\040\000s\000y\000s\000t\000e\000m}{}% 49
\BOOKMARK [2][-]{subsection.18.1}{\376\377\000C\000r\000a\000t\000e\000s}{section.18}% 50
\BOOKMARK [2][-]{subsection.18.2}{\376\377\000T\000h\000e\000\040\000m\000o\000d\000u\000l\000e\000\040\000h\000i\000e\000r\000a\000r\000c\000h\000y}{section.18}% 51
\BOOKMARK [2][-]{subsection.18.3}{\376\377\000P\000a\000t\000h\000s\000\040\000a\000n\000d\000\040\000v\000i\000s\000i\000b\000i\000l\000i\000t\000y}{section.18}% 52
\BOOKMARK [2][-]{subsection.18.4}{\376\377\000F\000i\000l\000e\000s\000\040\000a\000n\000d\000\040\000m\000o\000d\000u\000l\000e\000s}{section.18}% 53
\BOOKMARK [2][-]{subsection.18.5}{\376\377\000I\000m\000p\000o\000r\000t\000i\000n\000g\000\040\000n\000a\000m\000e\000s\000\040\000i\000n\000t\000o\000\040\000t\000h\000e\000\040\000l\000o\000c\000a\000l\000\040\000s\000c\000o\000p\000e}{section.18}% 54
\BOOKMARK [2][-]{subsection.18.6}{\376\377\000R\000e\000e\000x\000p\000o\000r\000t\000i\000n\000g\000\040\000n\000a\000m\000e\000s}{section.18}% 55
\BOOKMARK [2][-]{subsection.18.7}{\376\377\000U\000s\000i\000n\000g\000\040\000l\000i\000b\000r\000a\000r\000i\000e\000s}{section.18}% 56
\BOOKMARK [2][-]{subsection.18.8}{\376\377\000C\000r\000a\000t\000e\000\040\000m\000e\000t\000a\000d\000a\000t\000a\000\040\000a\000n\000d\000\040\000s\000e\000t\000t\000i\000n\000g\000s}{section.18}% 57
\BOOKMARK [2][-]{subsection.18.9}{\376\377\000A\000\040\000m\000i\000n\000i\000m\000a\000l\000\040\000e\000x\000a\000m\000p\000l\000e}{section.18}% 58
\BOOKMARK [2][-]{subsection.18.10}{\376\377\000T\000h\000e\000\040\000s\000t\000a\000n\000d\000a\000r\000d\000\040\000l\000i\000b\000r\000a\000r\000y\000\040\000a\000n\000d\000\040\000t\000h\000e\000\040\000p\000r\000e\000l\000u\000d\000e}{section.18}% 59
\BOOKMARK [1][-]{section.19}{\376\377\000W\000h\000a\000t\000\040\000n\000e\000x\000t\000?}{}% 60
